{"/Users/liuming/code_study/my-toy-element/packages/components/Button/Button.vue": {"path":"/Users/liuming/code_study/my-toy-element/packages/components/Button/Button.vue","all":false,"statementMap":{"0":{"start":{"line":1,"column":0},"end":{"line":1,"column":24}},"1":{"start":{"line":2,"column":0},"end":{"line":2,"column":72}},"2":{"start":{"line":3,"column":0},"end":{"line":3,"column":44}},"3":{"start":{"line":4,"column":0},"end":{"line":4,"column":36}},"4":{"start":{"line":5,"column":0},"end":{"line":5,"column":37}},"5":{"start":{"line":6,"column":0},"end":{"line":6,"column":47}},"6":{"start":{"line":7,"column":0},"end":{"line":7,"column":0}},"7":{"start":{"line":8,"column":0},"end":{"line":8,"column":0}},"8":{"start":{"line":9,"column":0},"end":{"line":9,"column":15}},"9":{"start":{"line":10,"column":0},"end":{"line":10,"column":19}},"10":{"start":{"line":11,"column":0},"end":{"line":11,"column":2}},"11":{"start":{"line":12,"column":0},"end":{"line":12,"column":56}},"12":{"start":{"line":13,"column":0},"end":{"line":13,"column":16}},"13":{"start":{"line":14,"column":0},"end":{"line":14,"column":23}},"14":{"start":{"line":15,"column":0},"end":{"line":15,"column":20}},"15":{"start":{"line":16,"column":0},"end":{"line":16,"column":23}},"16":{"start":{"line":17,"column":0},"end":{"line":17,"column":2}},"17":{"start":{"line":18,"column":0},"end":{"line":18,"column":0}},"18":{"start":{"line":19,"column":0},"end":{"line":19,"column":40}},"19":{"start":{"line":20,"column":0},"end":{"line":20,"column":0}},"20":{"start":{"line":21,"column":0},"end":{"line":21,"column":31}},"21":{"start":{"line":22,"column":0},"end":{"line":22,"column":30}},"22":{"start":{"line":23,"column":0},"end":{"line":23,"column":11}},"23":{"start":{"line":24,"column":0},"end":{"line":24,"column":2}},"24":{"start":{"line":25,"column":0},"end":{"line":25,"column":0}},"25":{"start":{"line":26,"column":0},"end":{"line":26,"column":27}},"26":{"start":{"line":27,"column":0},"end":{"line":27,"column":0}},"27":{"start":{"line":28,"column":0},"end":{"line":28,"column":44}},"28":{"start":{"line":29,"column":0},"end":{"line":29,"column":0}},"29":{"start":{"line":30,"column":0},"end":{"line":30,"column":58}},"30":{"start":{"line":31,"column":0},"end":{"line":31,"column":64}},"31":{"start":{"line":32,"column":0},"end":{"line":32,"column":73}},"32":{"start":{"line":33,"column":0},"end":{"line":33,"column":0}},"33":{"start":{"line":34,"column":0},"end":{"line":34,"column":34}},"34":{"start":{"line":35,"column":0},"end":{"line":35,"column":3}},"35":{"start":{"line":36,"column":0},"end":{"line":36,"column":46}},"36":{"start":{"line":37,"column":0},"end":{"line":37,"column":3}},"37":{"start":{"line":38,"column":0},"end":{"line":38,"column":2}},"38":{"start":{"line":39,"column":0},"end":{"line":39,"column":7}},"39":{"start":{"line":40,"column":0},"end":{"line":40,"column":56}},"40":{"start":{"line":41,"column":0},"end":{"line":41,"column":31}},"41":{"start":{"line":42,"column":0},"end":{"line":42,"column":14}},"42":{"start":{"line":43,"column":0},"end":{"line":43,"column":25}},"43":{"start":{"line":44,"column":0},"end":{"line":44,"column":3}},"44":{"start":{"line":45,"column":0},"end":{"line":45,"column":19}},"45":{"start":{"line":46,"column":0},"end":{"line":46,"column":4}},"46":{"start":{"line":47,"column":0},"end":{"line":47,"column":9}},"47":{"start":{"line":48,"column":0},"end":{"line":48,"column":0}},"48":{"start":{"line":49,"column":0},"end":{"line":49,"column":10}},"49":{"start":{"line":50,"column":0},"end":{"line":50,"column":116}},"50":{"start":{"line":51,"column":0},"end":{"line":51,"column":13}},"51":{"start":{"line":52,"column":0},"end":{"line":52,"column":47}},"52":{"start":{"line":53,"column":0},"end":{"line":53,"column":35}},"53":{"start":{"line":54,"column":0},"end":{"line":54,"column":24}},"54":{"start":{"line":55,"column":0},"end":{"line":55,"column":26}},"55":{"start":{"line":56,"column":0},"end":{"line":56,"column":24}},"56":{"start":{"line":57,"column":0},"end":{"line":57,"column":28}},"57":{"start":{"line":58,"column":0},"end":{"line":58,"column":29}},"58":{"start":{"line":59,"column":0},"end":{"line":59,"column":83}},"59":{"start":{"line":60,"column":0},"end":{"line":60,"column":86}},"60":{"start":{"line":61,"column":0},"end":{"line":61,"column":29}},"61":{"start":{"line":62,"column":0},"end":{"line":62,"column":27}},"62":{"start":{"line":63,"column":0},"end":{"line":63,"column":107}},"63":{"start":{"line":64,"column":0},"end":{"line":64,"column":13}},"64":{"start":{"line":65,"column":0},"end":{"line":65,"column":15}},"65":{"start":{"line":66,"column":0},"end":{"line":66,"column":81}},"66":{"start":{"line":67,"column":0},"end":{"line":67,"column":17}},"67":{"start":{"line":68,"column":0},"end":{"line":68,"column":14}},"68":{"start":{"line":69,"column":0},"end":{"line":69,"column":11}},"69":{"start":{"line":70,"column":0},"end":{"line":70,"column":14}},"70":{"start":{"line":71,"column":0},"end":{"line":71,"column":22}},"71":{"start":{"line":72,"column":0},"end":{"line":72,"column":8}}},"s":{"0":37,"1":1,"2":1,"3":1,"4":1,"5":1,"6":1,"7":1,"8":1,"9":1,"10":1,"11":1,"12":1,"13":1,"14":1,"15":1,"16":1,"17":1,"18":1,"19":1,"20":1,"21":1,"22":1,"23":1,"24":1,"25":1,"26":1,"27":1,"28":1,"29":1,"30":1,"31":1,"32":1,"33":1,"34":2,"35":2,"36":2,"37":1,"38":1,"39":1,"40":1,"41":1,"42":1,"43":1,"44":1,"45":1,"46":1,"47":1,"48":1,"49":1,"50":1,"51":1,"52":1,"53":1,"54":1,"55":1,"56":1,"57":1,"58":1,"59":1,"60":1,"61":39,"62":39,"63":39,"64":39,"65":39,"66":39,"67":1,"68":1,"69":1,"70":1,"71":1},"branchMap":{"0":{"type":"branch","line":30,"loc":{"start":{"line":30,"column":22},"end":{"line":30,"column":57}},"locations":[{"start":{"line":30,"column":22},"end":{"line":30,"column":57}}]},"1":{"type":"branch","line":30,"loc":{"start":{"line":30,"column":28},"end":{"line":30,"column":41}},"locations":[{"start":{"line":30,"column":28},"end":{"line":30,"column":41}}]},"2":{"type":"branch","line":30,"loc":{"start":{"line":30,"column":33},"end":{"line":30,"column":55}},"locations":[{"start":{"line":30,"column":33},"end":{"line":30,"column":55}}]},"3":{"type":"branch","line":30,"loc":{"start":{"line":30,"column":47},"end":{"line":30,"column":57}},"locations":[{"start":{"line":30,"column":47},"end":{"line":30,"column":57}}]},"4":{"type":"branch","line":31,"loc":{"start":{"line":31,"column":28},"end":{"line":31,"column":63}},"locations":[{"start":{"line":31,"column":28},"end":{"line":31,"column":63}}]},"5":{"type":"branch","line":31,"loc":{"start":{"line":31,"column":34},"end":{"line":31,"column":47}},"locations":[{"start":{"line":31,"column":34},"end":{"line":31,"column":47}}]},"6":{"type":"branch","line":31,"loc":{"start":{"line":31,"column":39},"end":{"line":31,"column":61}},"locations":[{"start":{"line":31,"column":39},"end":{"line":31,"column":61}}]},"7":{"type":"branch","line":31,"loc":{"start":{"line":31,"column":53},"end":{"line":31,"column":63}},"locations":[{"start":{"line":31,"column":53},"end":{"line":31,"column":63}}]},"8":{"type":"branch","line":32,"loc":{"start":{"line":32,"column":26},"end":{"line":32,"column":72}},"locations":[{"start":{"line":32,"column":26},"end":{"line":32,"column":72}}]},"9":{"type":"branch","line":32,"loc":{"start":{"line":32,"column":32},"end":{"line":32,"column":49}},"locations":[{"start":{"line":32,"column":32},"end":{"line":32,"column":49}}]},"10":{"type":"branch","line":32,"loc":{"start":{"line":32,"column":37},"end":{"line":32,"column":67}},"locations":[{"start":{"line":32,"column":37},"end":{"line":32,"column":67}}]},"11":{"type":"branch","line":32,"loc":{"start":{"line":32,"column":55},"end":{"line":32,"column":72}},"locations":[{"start":{"line":32,"column":55},"end":{"line":32,"column":72}}]},"12":{"type":"branch","line":34,"loc":{"start":{"line":34,"column":27},"end":{"line":38,"column":1}},"locations":[{"start":{"line":34,"column":27},"end":{"line":38,"column":1}}]},"13":{"type":"branch","line":36,"loc":{"start":{"line":36,"column":23},"end":{"line":36,"column":41}},"locations":[{"start":{"line":36,"column":23},"end":{"line":36,"column":41}}]},"14":{"type":"branch","line":40,"loc":{"start":{"line":40,"column":20},"end":{"line":40,"column":56}},"locations":[{"start":{"line":40,"column":20},"end":{"line":40,"column":56}}]},"15":{"type":"branch","line":50,"loc":{"start":{"line":50,"column":56},"end":{"line":50,"column":88}},"locations":[{"start":{"line":50,"column":56},"end":{"line":50,"column":88}}]},"16":{"type":"branch","line":50,"loc":{"start":{"line":50,"column":78},"end":{"line":50,"column":99}},"locations":[{"start":{"line":50,"column":78},"end":{"line":50,"column":99}}]},"17":{"type":"branch","line":59,"loc":{"start":{"line":59,"column":47},"end":{"line":59,"column":66}},"locations":[{"start":{"line":59,"column":47},"end":{"line":59,"column":66}}]},"18":{"type":"branch","line":59,"loc":{"start":{"line":59,"column":59},"end":{"line":59,"column":83}},"locations":[{"start":{"line":59,"column":59},"end":{"line":59,"column":83}}]},"19":{"type":"branch","line":59,"loc":{"start":{"line":59,"column":66},"end":{"line":59,"column":83}},"locations":[{"start":{"line":59,"column":66},"end":{"line":59,"column":83}}]},"20":{"type":"branch","line":60,"loc":{"start":{"line":60,"column":10},"end":{"line":60,"column":86}},"locations":[{"start":{"line":60,"column":10},"end":{"line":60,"column":86}}]},"21":{"type":"branch","line":60,"loc":{"start":{"line":60,"column":37},"end":{"line":60,"column":70}},"locations":[{"start":{"line":60,"column":37},"end":{"line":60,"column":70}}]},"22":{"type":"branch","line":60,"loc":{"start":{"line":60,"column":66},"end":{"line":60,"column":86}},"locations":[{"start":{"line":60,"column":66},"end":{"line":60,"column":86}}]},"23":{"type":"branch","line":61,"loc":{"start":{"line":61,"column":4},"end":{"line":67,"column":17}},"locations":[{"start":{"line":61,"column":4},"end":{"line":67,"column":17}}]},"24":{"type":"branch","line":1,"loc":{"start":{"line":1,"column":0},"end":{"line":1,"column":24}},"locations":[{"start":{"line":1,"column":0},"end":{"line":1,"column":24}}]},"25":{"type":"branch","line":66,"loc":{"start":{"line":66,"column":19},"end":{"line":66,"column":38}},"locations":[{"start":{"line":66,"column":19},"end":{"line":66,"column":38}}]},"26":{"type":"branch","line":66,"loc":{"start":{"line":66,"column":28},"end":{"line":66,"column":81}},"locations":[{"start":{"line":66,"column":28},"end":{"line":66,"column":81}}]}},"b":{"0":[39],"1":[20],"2":[33],"3":[30],"4":[39],"5":[20],"6":[29],"7":[24],"8":[39],"9":[20],"10":[19],"11":[0],"12":[2],"13":[0],"14":[4],"15":[38],"16":[1],"17":[38],"18":[3],"19":[36],"20":[5],"21":[3],"22":[2],"23":[39],"24":[37],"25":[0],"26":[0]},"fnMap":{"0":{"name":"handleClick","decl":{"start":{"line":40,"column":20},"end":{"line":40,"column":56}},"loc":{"start":{"line":40,"column":20},"end":{"line":40,"column":56}},"line":40},"1":{"name":"__vite_ssr_import_5__.createBlock.onClick._cache.<computed>._cache.<computed>","decl":{"start":{"line":60,"column":10},"end":{"line":60,"column":86}},"loc":{"start":{"line":60,"column":10},"end":{"line":60,"column":86}},"line":60}},"f":{"0":4,"1":5}}
,"/Users/liuming/code_study/my-toy-element/packages/components/Button/ButtonGroup.vue": {"path":"/Users/liuming/code_study/my-toy-element/packages/components/Button/ButtonGroup.vue","all":false,"statementMap":{"0":{"start":{"line":1,"column":0},"end":{"line":1,"column":24}},"1":{"start":{"line":2,"column":0},"end":{"line":2,"column":67}},"2":{"start":{"line":3,"column":0},"end":{"line":3,"column":46}},"3":{"start":{"line":4,"column":0},"end":{"line":4,"column":47}},"4":{"start":{"line":5,"column":0},"end":{"line":5,"column":0}},"5":{"start":{"line":6,"column":0},"end":{"line":6,"column":40}},"6":{"start":{"line":7,"column":0},"end":{"line":7,"column":45}},"7":{"start":{"line":8,"column":0},"end":{"line":8,"column":8}},"8":{"start":{"line":9,"column":0},"end":{"line":9,"column":19}},"9":{"start":{"line":10,"column":0},"end":{"line":10,"column":12}},"10":{"start":{"line":11,"column":0},"end":{"line":11,"column":28}},"11":{"start":{"line":12,"column":0},"end":{"line":12,"column":28}},"12":{"start":{"line":13,"column":0},"end":{"line":13,"column":35}},"13":{"start":{"line":14,"column":0},"end":{"line":14,"column":4}},"14":{"start":{"line":15,"column":0},"end":{"line":15,"column":1}},"15":{"start":{"line":16,"column":0},"end":{"line":16,"column":0}},"16":{"start":{"line":17,"column":0},"end":{"line":17,"column":9}},"17":{"start":{"line":18,"column":0},"end":{"line":18,"column":0}},"18":{"start":{"line":19,"column":0},"end":{"line":19,"column":10}},"19":{"start":{"line":20,"column":0},"end":{"line":20,"column":31}},"20":{"start":{"line":21,"column":0},"end":{"line":21,"column":17}},"21":{"start":{"line":22,"column":0},"end":{"line":22,"column":8}},"22":{"start":{"line":23,"column":0},"end":{"line":23,"column":11}}},"s":{"0":1,"1":1,"2":1,"3":1,"4":1,"5":1,"6":1,"7":1,"8":1,"9":1,"10":1,"11":1,"12":1,"13":1,"14":1,"15":1,"16":1,"17":1,"18":1,"19":1,"20":1,"21":1,"22":1},"branchMap":{},"b":{},"fnMap":{},"f":{}}
,"/Users/liuming/code_study/my-toy-element/packages/components/Button/constants.ts": {"path":"/Users/liuming/code_study/my-toy-element/packages/components/Button/constants.ts","all":false,"statementMap":{"0":{"start":{"line":1,"column":0},"end":{"line":1,"column":40}},"1":{"start":{"line":2,"column":0},"end":{"line":2,"column":50}},"2":{"start":{"line":3,"column":0},"end":{"line":3,"column":0}},"3":{"start":{"line":4,"column":0},"end":{"line":4,"column":92}}},"s":{"0":1,"1":1,"2":1,"3":1},"branchMap":{},"b":{},"fnMap":{},"f":{}}
,"/Users/liuming/code_study/my-toy-element/packages/components/Icon/Icon.vue": {"path":"/Users/liuming/code_study/my-toy-element/packages/components/Icon/Icon.vue","all":false,"statementMap":{"0":{"start":{"line":1,"column":0},"end":{"line":1,"column":10}},"1":{"start":{"line":2,"column":0},"end":{"line":2,"column":94}},"2":{"start":{"line":3,"column":0},"end":{"line":3,"column":46}},"3":{"start":{"line":4,"column":0},"end":{"line":4,"column":6}},"4":{"start":{"line":5,"column":0},"end":{"line":5,"column":11}},"5":{"start":{"line":6,"column":0},"end":{"line":6,"column":0}},"6":{"start":{"line":7,"column":0},"end":{"line":7,"column":38}},"7":{"start":{"line":8,"column":0},"end":{"line":8,"column":41}},"8":{"start":{"line":9,"column":0},"end":{"line":9,"column":63}},"9":{"start":{"line":10,"column":0},"end":{"line":10,"column":33}},"10":{"start":{"line":11,"column":0},"end":{"line":11,"column":31}},"11":{"start":{"line":12,"column":0},"end":{"line":12,"column":0}},"12":{"start":{"line":13,"column":0},"end":{"line":13,"column":15}},"13":{"start":{"line":14,"column":0},"end":{"line":14,"column":17}},"14":{"start":{"line":15,"column":0},"end":{"line":15,"column":22}},"15":{"start":{"line":16,"column":0},"end":{"line":16,"column":3}},"16":{"start":{"line":17,"column":0},"end":{"line":17,"column":0}},"17":{"start":{"line":18,"column":0},"end":{"line":18,"column":38}},"18":{"start":{"line":19,"column":0},"end":{"line":19,"column":66}},"19":{"start":{"line":20,"column":0},"end":{"line":20,"column":72}},"20":{"start":{"line":21,"column":0},"end":{"line":21,"column":9}},"21":{"start":{"line":22,"column":0},"end":{"line":22,"column":0}},"22":{"start":{"line":23,"column":0},"end":{"line":23,"column":22}}},"s":{"0":1,"1":1,"2":1,"3":1,"4":1,"5":1,"6":1,"7":1,"8":1,"9":1,"10":1,"11":1,"12":1,"13":1,"14":1,"15":1,"16":1,"17":1,"18":1,"19":1,"20":1,"21":1,"22":1},"branchMap":{},"b":{},"fnMap":{},"f":{}}
}
